INFO 2026-05-05 22:26:24,188 autoreload Watching for file changes with StatReloader
INFO 2026-05-06 16:53:51,296 autoreload C:\Users\jchar\djangoSport\core\settings.py changed, reloading.
INFO 2026-05-06 16:53:52,887 autoreload Watching for file changes with StatReloader
WARNING 2026-05-06 21:00:10,657 log Not Found: /tenis/liga/26_kaminka_leto_Z/
WARNING 2026-05-06 21:00:36,638 log Not Found: /tenis/liga/26_kaminka_leto_Z/
WARNING 2026-05-06 21:00:41,987 log Not Found: /tenis/liga/26_kaminka_leto_Z/
WARNING 2026-05-06 21:01:13,477 log Not Found: /tenis/liga/26_kaminka_leto_Z/
WARNING 2026-05-06 21:02:15,058 log Not Found: /tenis/liga/26_kaminka_leto_Z/
ERROR 2026-05-06 21:02:20,784 log Internal Server Error: /tenis/liga/26_kaminka_leto_A/
Traceback (most recent call last):
  File "C:\Users\jchar\venv\Lib\site-packages\django\core\handlers\exception.py", line 55, in inner
    response = get_response(request)
  File "C:\Users\jchar\venv\Lib\site-packages\django\core\handlers\base.py", line 197, in _get_response
    response = wrapped_callback(request, *callback_args, **callback_kwargs)
  File "C:\Users\jchar\venv\Lib\site-packages\django\contrib\auth\decorators.py", line 59, in _view_wrapper
    return view_func(request, *args, **kwargs)
  File "C:\Users\jchar\djangoSport\tenis_app\views.py", line 155, in detail_souteze
    return render(request, 'tenis_app/tabulka_5ti_lig.html', context)
  File "C:\Users\jchar\venv\Lib\site-packages\django\shortcuts.py", line 25, in render
    content = loader.render_to_string(template_name, context, request, using=using)
  File "C:\Users\jchar\venv\Lib\site-packages\django\template\loader.py", line 62, in render_to_string
    return template.render(context, request)
           ~~~~~~~~~~~~~~~^^^^^^^^^^^^^^^^^^
  File "C:\Users\jchar\venv\Lib\site-packages\django\template\backends\django.py", line 107, in render
    return self.template.render(context)
           ~~~~~~~~~~~~~~~~~~~~^^^^^^^^^
  File "C:\Users\jchar\venv\Lib\site-packages\django\template\base.py", line 171, in render
    return self._render(context)
           ~~~~~~~~~~~~^^^^^^^^^
  File "C:\Users\jchar\venv\Lib\site-packages\django\template\base.py", line 163, in _render
    return self.nodelist.render(context)
           ~~~~~~~~~~~~~~~~~~~~^^^^^^^^^
  File "C:\Users\jchar\venv\Lib\site-packages\django\template\base.py", line 1016, in render
    return SafeString("".join([node.render_annotated(context) for node in self]))
                               ~~~~~~~~~~~~~~~~~~~~~^^^^^^^^^
  File "C:\Users\jchar\venv\Lib\site-packages\django\template\base.py", line 977, in render_annotated
    return self.render(context)
           ~~~~~~~~~~~^^^^^^^^^
  File "C:\Users\jchar\venv\Lib\site-packages\django\template\loader_tags.py", line 159, in render
    return compiled_parent._render(context)
           ~~~~~~~~~~~~~~~~~~~~~~~^^^^^^^^^
  File "C:\Users\jchar\venv\Lib\site-packages\django\template\base.py", line 163, in _render
    return self.nodelist.render(context)
           ~~~~~~~~~~~~~~~~~~~~^^^^^^^^^
  File "C:\Users\jchar\venv\Lib\site-packages\django\template\base.py", line 1016, in render
    return SafeString("".join([node.render_annotated(context) for node in self]))
                               ~~~~~~~~~~~~~~~~~~~~~^^^^^^^^^
  File "C:\Users\jchar\venv\Lib\site-packages\django\template\base.py", line 977, in render_annotated
    return self.render(context)
           ~~~~~~~~~~~^^^^^^^^^
  File "C:\Users\jchar\venv\Lib\site-packages\django\template\defaulttags.py", line 480, in render
    url = reverse(view_name, args=args, kwargs=kwargs, current_app=current_app)
  File "C:\Users\jchar\venv\Lib\site-packages\django\urls\base.py", line 98, in reverse
    resolved_url = resolver._reverse_with_prefix(view, prefix, *args, **kwargs)
  File "C:\Users\jchar\venv\Lib\site-packages\django\urls\resolvers.py", line 831, in _reverse_with_prefix
    raise NoReverseMatch(msg)
django.urls.exceptions.NoReverseMatch: Reverse for 'detail_souteze' with keyword arguments '{'soutez_slug': '26_kaminka_leto_Ž'}' not found. 1 pattern(s) tried: ['tenis/liga/(?P<soutez_slug>[-a-zA-Z0-9_]+)/\\Z']
WARNING 2026-05-06 21:03:01,992 log Not Found: /tenis/liga/26_kaminka_leto_Z/
WARNING 2026-05-06 21:03:31,719 log Not Found: /tenis/liga/26_kaminka_leto_Z/
WARNING 2026-05-06 21:04:00,385 log Not Found: /tenis/liga/26_kaminka_leto_Z/
WARNING 2026-05-06 21:04:02,152 log Not Found: /tenis/liga/26_kaminka_leto_Z/
WARNING 2026-05-06 21:04:02,698 log Not Found: /tenis/liga/26_kaminka_leto_Z/
WARNING 2026-05-06 21:05:07,444 log Not Found: /tenis/liga/26_kaminka_leto_Z/
WARNING 2026-05-06 21:05:11,936 log Not Found: /tenis/liga/26_kaminka_leto_Z/
WARNING 2026-05-06 21:06:07,418 log Not Found: /tenis/liga/26_kaminka_leto_Z/
INFO 2026-05-06 21:11:00,361 autoreload C:\Users\jchar\djangoSport\tenis_app\views.py changed, reloading.
INFO 2026-05-06 21:11:06,911 autoreload Watching for file changes with StatReloader
INFO 2026-05-06 21:34:45,027 autoreload Watching for file changes with StatReloader
INFO 2026-05-06 21:34:49,156 views Uživatel jchar si prohlíží soutěž: Léto 2026 - C
INFO 2026-05-06 21:34:52,147 views Uživatel jchar si prohlíží soutěž: Léto 2026 - E
INFO 2026-05-06 21:35:01,363 views Uživatel jchar si prohlíží soutěž: Léto 2026 - E
INFO 2026-05-06 21:38:10,660 views Uživatel jchar si prohlíží soutěž: Léto 2026 - E
INFO 2026-05-06 21:40:19,595 autoreload Watching for file changes with StatReloader
INFO 2026-05-06 22:32:48,573 autoreload Watching for file changes with StatReloader
INFO 2026-05-06 22:34:17,530 autoreload C:\Users\jchar\djangoSport\zebricek_app\models.py changed, reloading.
INFO 2026-05-06 22:34:18,592 autoreload Watching for file changes with StatReloader
INFO 2026-05-07 19:52:58,662 autoreload Watching for file changes with StatReloader
WARNING 2026-05-07 19:56:48,085 log Not Found: /tenis/admin
ERROR 2026-05-07 19:57:06,306 log Internal Server Error: /admin/zebricek_app/zebricekpozice/
Traceback (most recent call last):
  File "C:\Users\jchar\venv\Lib\site-packages\django\db\backends\utils.py", line 105, in _execute
    return self.cursor.execute(sql, params)
           ~~~~~~~~~~~~~~~~~~~^^^^^^^^^^^^^
  File "C:\Users\jchar\venv\Lib\site-packages\django\db\backends\sqlite3\base.py", line 360, in execute
    return super().execute(query, params)
           ~~~~~~~~~~~~~~~^^^^^^^^^^^^^^^
sqlite3.OperationalError: no such table: zebricek_app_zebricekpozice

The above exception was the direct cause of the following exception:

Traceback (most recent call last):
  File "C:\Users\jchar\venv\Lib\site-packages\django\core\handlers\exception.py", line 55, in inner
    response = get_response(request)
  File "C:\Users\jchar\venv\Lib\site-packages\django\core\handlers\base.py", line 197, in _get_response
    response = wrapped_callback(request, *callback_args, **callback_kwargs)
  File "C:\Users\jchar\venv\Lib\site-packages\django\contrib\admin\options.py", line 719, in wrapper
    return self.admin_site.admin_view(view)(*args, **kwargs)
           ~~~~~~~~~~~~~~~~~~~~~~~~~~~~~~~~^^^^^^^^^^^^^^^^^
  File "C:\Users\jchar\venv\Lib\site-packages\django\utils\decorators.py", line 192, in _view_wrapper
    result = _process_exception(request, e)
  File "C:\Users\jchar\venv\Lib\site-packages\django\utils\decorators.py", line 190, in _view_wrapper
    response = view_func(request, *args, **kwargs)
  File "C:\Users\jchar\venv\Lib\site-packages\django\views\decorators\cache.py", line 80, in _view_wrapper
    response = view_func(request, *args, **kwargs)
  File "C:\Users\jchar\venv\Lib\site-packages\django\contrib\admin\sites.py", line 246, in inner
    return view(request, *args, **kwargs)
  File "C:\Users\jchar\venv\Lib\site-packages\django\utils\decorators.py", line 48, in _wrapper
    return bound_method(*args, **kwargs)
  File "C:\Users\jchar\venv\Lib\site-packages\django\utils\decorators.py", line 192, in _view_wrapper
    result = _process_exception(request, e)
  File "C:\Users\jchar\venv\Lib\site-packages\django\utils\decorators.py", line 190, in _view_wrapper
    response = view_func(request, *args, **kwargs)
  File "C:\Users\jchar\venv\Lib\site-packages\django\contrib\admin\options.py", line 2024, in changelist_view
    cl = self.get_changelist_instance(request)
  File "C:\Users\jchar\venv\Lib\site-packages\django\contrib\admin\options.py", line 867, in get_changelist_instance
    return ChangeList(
        request,
    ...<12 lines>...
        self.search_help_text,
    )
  File "C:\Users\jchar\venv\Lib\site-packages\django\contrib\admin\views\main.py", line 146, in __init__
    self.get_results(request)
    ~~~~~~~~~~~~~~~~^^^^^^^^^
  File "C:\Users\jchar\venv\Lib\site-packages\django\contrib\admin\views\main.py", line 313, in get_results
    result_count = paginator.count
                   ^^^^^^^^^^^^^^^
  File "C:\Users\jchar\venv\Lib\site-packages\django\utils\functional.py", line 47, in __get__
    res = instance.__dict__[self.name] = self.func(instance)
                                         ~~~~~~~~~^^^^^^^^^^
  File "C:\Users\jchar\venv\Lib\site-packages\django\core\paginator.py", line 110, in count
    return c()
  File "C:\Users\jchar\venv\Lib\site-packages\django\db\models\query.py", line 606, in count
    return self.query.get_count(using=self.db)
           ~~~~~~~~~~~~~~~~~~~~^^^^^^^^^^^^^^^
  File "C:\Users\jchar\venv\Lib\site-packages\django\db\models\sql\query.py", line 644, in get_count
    return obj.get_aggregation(using, {"__count": Count("*")})["__count"]
           ~~~~~~~~~~~~~~~~~~~^^^^^^^^^^^^^^^^^^^^^^^^^^^^^^^^
  File "C:\Users\jchar\venv\Lib\site-packages\django\db\models\sql\query.py", line 626, in get_aggregation
    result = compiler.execute_sql(SINGLE)
  File "C:\Users\jchar\venv\Lib\site-packages\django\db\models\sql\compiler.py", line 1623, in execute_sql
    cursor.execute(sql, params)
    ~~~~~~~~~~~~~~^^^^^^^^^^^^^
  File "C:\Users\jchar\venv\Lib\site-packages\django\db\backends\utils.py", line 122, in execute
    return super().execute(sql, params)
           ~~~~~~~~~~~~~~~^^^^^^^^^^^^^
  File "C:\Users\jchar\venv\Lib\site-packages\django\db\backends\utils.py", line 79, in execute
    return self._execute_with_wrappers(
           ~~~~~~~~~~~~~~~~~~~~~~~~~~~^
        sql, params, many=False, executor=self._execute
        ^^^^^^^^^^^^^^^^^^^^^^^^^^^^^^^^^^^^^^^^^^^^^^^
    )
    ^
  File "C:\Users\jchar\venv\Lib\site-packages\django\db\backends\utils.py", line 92, in _execute_with_wrappers
    return executor(sql, params, many, context)
  File "C:\Users\jchar\venv\Lib\site-packages\django\db\backends\utils.py", line 100, in _execute
    with self.db.wrap_database_errors:
         ^^^^^^^^^^^^^^^^^^^^^^^^^^^^
  File "C:\Users\jchar\venv\Lib\site-packages\django\db\utils.py", line 91, in __exit__
    raise dj_exc_value.with_traceback(traceback) from exc_value
  File "C:\Users\jchar\venv\Lib\site-packages\django\db\backends\utils.py", line 105, in _execute
    return self.cursor.execute(sql, params)
           ~~~~~~~~~~~~~~~~~~~^^^^^^^^^^^^^
  File "C:\Users\jchar\venv\Lib\site-packages\django\db\backends\sqlite3\base.py", line 360, in execute
    return super().execute(query, params)
           ~~~~~~~~~~~~~~~^^^^^^^^^^^^^^^
django.db.utils.OperationalError: no such table: zebricek_app_zebricekpozice
ERROR 2026-05-07 19:57:31,243 log Internal Server Error: /admin/zebricek_app/zebricekpozice/
Traceback (most recent call last):
  File "C:\Users\jchar\venv\Lib\site-packages\django\db\backends\utils.py", line 105, in _execute
    return self.cursor.execute(sql, params)
           ~~~~~~~~~~~~~~~~~~~^^^^^^^^^^^^^
  File "C:\Users\jchar\venv\Lib\site-packages\django\db\backends\sqlite3\base.py", line 360, in execute
    return super().execute(query, params)
           ~~~~~~~~~~~~~~~^^^^^^^^^^^^^^^
sqlite3.OperationalError: no such table: zebricek_app_zebricekpozice

The above exception was the direct cause of the following exception:

Traceback (most recent call last):
  File "C:\Users\jchar\venv\Lib\site-packages\django\core\handlers\exception.py", line 55, in inner
    response = get_response(request)
  File "C:\Users\jchar\venv\Lib\site-packages\django\core\handlers\base.py", line 197, in _get_response
    response = wrapped_callback(request, *callback_args, **callback_kwargs)
  File "C:\Users\jchar\venv\Lib\site-packages\django\contrib\admin\options.py", line 719, in wrapper
    return self.admin_site.admin_view(view)(*args, **kwargs)
           ~~~~~~~~~~~~~~~~~~~~~~~~~~~~~~~~^^^^^^^^^^^^^^^^^
  File "C:\Users\jchar\venv\Lib\site-packages\django\utils\decorators.py", line 192, in _view_wrapper
    result = _process_exception(request, e)
  File "C:\Users\jchar\venv\Lib\site-packages\django\utils\decorators.py", line 190, in _view_wrapper
    response = view_func(request, *args, **kwargs)
  File "C:\Users\jchar\venv\Lib\site-packages\django\views\decorators\cache.py", line 80, in _view_wrapper
    response = view_func(request, *args, **kwargs)
  File "C:\Users\jchar\venv\Lib\site-packages\django\contrib\admin\sites.py", line 246, in inner
    return view(request, *args, **kwargs)
  File "C:\Users\jchar\venv\Lib\site-packages\django\utils\decorators.py", line 48, in _wrapper
    return bound_method(*args, **kwargs)
  File "C:\Users\jchar\venv\Lib\site-packages\django\utils\decorators.py", line 192, in _view_wrapper
    result = _process_exception(request, e)
  File "C:\Users\jchar\venv\Lib\site-packages\django\utils\decorators.py", line 190, in _view_wrapper
    response = view_func(request, *args, **kwargs)
  File "C:\Users\jchar\venv\Lib\site-packages\django\contrib\admin\options.py", line 2024, in changelist_view
    cl = self.get_changelist_instance(request)
  File "C:\Users\jchar\venv\Lib\site-packages\django\contrib\admin\options.py", line 867, in get_changelist_instance
    return ChangeList(
        request,
    ...<12 lines>...
        self.search_help_text,
    )
  File "C:\Users\jchar\venv\Lib\site-packages\django\contrib\admin\views\main.py", line 146, in __init__
    self.get_results(request)
    ~~~~~~~~~~~~~~~~^^^^^^^^^
  File "C:\Users\jchar\venv\Lib\site-packages\django\contrib\admin\views\main.py", line 313, in get_results
    result_count = paginator.count
                   ^^^^^^^^^^^^^^^
  File "C:\Users\jchar\venv\Lib\site-packages\django\utils\functional.py", line 47, in __get__
    res = instance.__dict__[self.name] = self.func(instance)
                                         ~~~~~~~~~^^^^^^^^^^
  File "C:\Users\jchar\venv\Lib\site-packages\django\core\paginator.py", line 110, in count
    return c()
  File "C:\Users\jchar\venv\Lib\site-packages\django\db\models\query.py", line 606, in count
    return self.query.get_count(using=self.db)
           ~~~~~~~~~~~~~~~~~~~~^^^^^^^^^^^^^^^
  File "C:\Users\jchar\venv\Lib\site-packages\django\db\models\sql\query.py", line 644, in get_count
    return obj.get_aggregation(using, {"__count": Count("*")})["__count"]
           ~~~~~~~~~~~~~~~~~~~^^^^^^^^^^^^^^^^^^^^^^^^^^^^^^^^
  File "C:\Users\jchar\venv\Lib\site-packages\django\db\models\sql\query.py", line 626, in get_aggregation
    result = compiler.execute_sql(SINGLE)
  File "C:\Users\jchar\venv\Lib\site-packages\django\db\models\sql\compiler.py", line 1623, in execute_sql
    cursor.execute(sql, params)
    ~~~~~~~~~~~~~~^^^^^^^^^^^^^
  File "C:\Users\jchar\venv\Lib\site-packages\django\db\backends\utils.py", line 122, in execute
    return super().execute(sql, params)
           ~~~~~~~~~~~~~~~^^^^^^^^^^^^^
  File "C:\Users\jchar\venv\Lib\site-packages\django\db\backends\utils.py", line 79, in execute
    return self._execute_with_wrappers(
           ~~~~~~~~~~~~~~~~~~~~~~~~~~~^
        sql, params, many=False, executor=self._execute
        ^^^^^^^^^^^^^^^^^^^^^^^^^^^^^^^^^^^^^^^^^^^^^^^
    )
    ^
  File "C:\Users\jchar\venv\Lib\site-packages\django\db\backends\utils.py", line 92, in _execute_with_wrappers
    return executor(sql, params, many, context)
  File "C:\Users\jchar\venv\Lib\site-packages\django\db\backends\utils.py", line 100, in _execute
    with self.db.wrap_database_errors:
         ^^^^^^^^^^^^^^^^^^^^^^^^^^^^
  File "C:\Users\jchar\venv\Lib\site-packages\django\db\utils.py", line 91, in __exit__
    raise dj_exc_value.with_traceback(traceback) from exc_value
  File "C:\Users\jchar\venv\Lib\site-packages\django\db\backends\utils.py", line 105, in _execute
    return self.cursor.execute(sql, params)
           ~~~~~~~~~~~~~~~~~~~^^^^^^^^^^^^^
  File "C:\Users\jchar\venv\Lib\site-packages\django\db\backends\sqlite3\base.py", line 360, in execute
    return super().execute(query, params)
           ~~~~~~~~~~~~~~~^^^^^^^^^^^^^^^
django.db.utils.OperationalError: no such table: zebricek_app_zebricekpozice
INFO 2026-05-07 19:58:34,712 autoreload Watching for file changes with StatReloader
INFO 2026-05-07 20:03:33,112 autoreload Watching for file changes with StatReloader
INFO 2026-05-07 20:18:20,515 autoreload C:\Users\jchar\djangoSport\core\urls.py changed, reloading.
INFO 2026-05-07 20:18:21,647 autoreload Watching for file changes with StatReloader
ERROR 2026-05-07 20:22:01,122 log Internal Server Error: /zebricek/
Traceback (most recent call last):
  File "C:\Users\jchar\venv\Lib\site-packages\django\core\handlers\exception.py", line 55, in inner
    response = get_response(request)
  File "C:\Users\jchar\venv\Lib\site-packages\django\core\handlers\base.py", line 197, in _get_response
    response = wrapped_callback(request, *callback_args, **callback_kwargs)
  File "C:\Users\jchar\venv\Lib\site-packages\django\contrib\auth\decorators.py", line 59, in _view_wrapper
    return view_func(request, *args, **kwargs)
  File "C:\Users\jchar\djangoSport\zebricek_app\views.py", line 36, in zebricek_detail
    moje_data = vsechny_pozice.filter(hrac__user=request.user).first()
                ~~~~~~~~~~~~~~~~~~~~~^^^^^^^^^^^^^^^^^^^^^^^^^
  File "C:\Users\jchar\venv\Lib\site-packages\django\db\models\query.py", line 1495, in filter
    return self._filter_or_exclude(False, args, kwargs)
           ~~~~~~~~~~~~~~~~~~~~~~~^^^^^^^^^^^^^^^^^^^^^
  File "C:\Users\jchar\venv\Lib\site-packages\django\db\models\query.py", line 1513, in _filter_or_exclude
    clone._filter_or_exclude_inplace(negate, args, kwargs)
    ~~~~~~~~~~~~~~~~~~~~~~~~~~~~~~~~^^^^^^^^^^^^^^^^^^^^^^
  File "C:\Users\jchar\venv\Lib\site-packages\django\db\models\query.py", line 1523, in _filter_or_exclude_inplace
    self._query.add_q(Q(*args, **kwargs))
    ~~~~~~~~~~~~~~~~~^^^^^^^^^^^^^^^^^^^^
  File "C:\Users\jchar\venv\Lib\site-packages\django\db\models\sql\query.py", line 1646, in add_q
    clause, _ = self._add_q(q_object, can_reuse)
                ~~~~~~~~~~~^^^^^^^^^^^^^^^^^^^^^
  File "C:\Users\jchar\venv\Lib\site-packages\django\db\models\sql\query.py", line 1678, in _add_q
    child_clause, needed_inner = self.build_filter(
                                 ~~~~~~~~~~~~~~~~~^
        child,
        ^^^^^^
    ...<7 lines>...
        update_join_types=update_join_types,
        ^^^^^^^^^^^^^^^^^^^^^^^^^^^^^^^^^^^^
    )
    ^
  File "C:\Users\jchar\venv\Lib\site-packages\django\db\models\sql\query.py", line 1563, in build_filter
    self.check_related_objects(join_info.final_field, value, join_info.opts)
    ~~~~~~~~~~~~~~~~~~~~~~~~~~^^^^^^^^^^^^^^^^^^^^^^^^^^^^^^^^^^^^^^^^^^^^^^
  File "C:\Users\jchar\venv\Lib\site-packages\django\db\models\sql\query.py", line 1372, in check_related_objects
    self.check_query_object_type(value, opts, field)
    ~~~~~~~~~~~~~~~~~~~~~~~~~~~~^^^^^^^^^^^^^^^^^^^^
  File "C:\Users\jchar\venv\Lib\site-packages\django\db\models\sql\query.py", line 1349, in check_query_object_type
    raise ValueError(
    ...<2 lines>...
    )
ValueError: Cannot query "jchar": Must be "Hrac" instance.
INFO 2026-05-07 20:23:03,721 autoreload C:\Users\jchar\djangoSport\zebricek_app\views.py changed, reloading.
INFO 2026-05-07 20:23:04,991 autoreload Watching for file changes with StatReloader
INFO 2026-05-07 20:23:29,520 autoreload C:\Users\jchar\djangoSport\zebricek_app\views.py changed, reloading.
INFO 2026-05-07 20:23:30,622 autoreload Watching for file changes with StatReloader
ERROR 2026-05-07 20:23:39,319 log Internal Server Error: /zebricek/
Traceback (most recent call last):
  File "C:\Users\jchar\venv\Lib\site-packages\django\core\handlers\exception.py", line 55, in inner
    response = get_response(request)
  File "C:\Users\jchar\venv\Lib\site-packages\django\core\handlers\base.py", line 197, in _get_response
    response = wrapped_callback(request, *callback_args, **callback_kwargs)
  File "C:\Users\jchar\venv\Lib\site-packages\django\contrib\auth\decorators.py", line 59, in _view_wrapper
    return view_func(request, *args, **kwargs)
  File "C:\Users\jchar\djangoSport\zebricek_app\views.py", line 36, in zebricek_detail
    moje_data = vsechny_pozice.filter(hrac__user=request.user).first()
                ~~~~~~~~~~~~~~~~~~~~~^^^^^^^^^^^^^^^^^^^^^^^^^
  File "C:\Users\jchar\venv\Lib\site-packages\django\db\models\query.py", line 1495, in filter
    return self._filter_or_exclude(False, args, kwargs)
           ~~~~~~~~~~~~~~~~~~~~~~~^^^^^^^^^^^^^^^^^^^^^
  File "C:\Users\jchar\venv\Lib\site-packages\django\db\models\query.py", line 1513, in _filter_or_exclude
    clone._filter_or_exclude_inplace(negate, args, kwargs)
    ~~~~~~~~~~~~~~~~~~~~~~~~~~~~~~~~^^^^^^^^^^^^^^^^^^^^^^
  File "C:\Users\jchar\venv\Lib\site-packages\django\db\models\query.py", line 1523, in _filter_or_exclude_inplace
    self._query.add_q(Q(*args, **kwargs))
    ~~~~~~~~~~~~~~~~~^^^^^^^^^^^^^^^^^^^^
  File "C:\Users\jchar\venv\Lib\site-packages\django\db\models\sql\query.py", line 1646, in add_q
    clause, _ = self._add_q(q_object, can_reuse)
                ~~~~~~~~~~~^^^^^^^^^^^^^^^^^^^^^
  File "C:\Users\jchar\venv\Lib\site-packages\django\db\models\sql\query.py", line 1678, in _add_q
    child_clause, needed_inner = self.build_filter(
                                 ~~~~~~~~~~~~~~~~~^
        child,
        ^^^^^^
    ...<7 lines>...
        update_join_types=update_join_types,
        ^^^^^^^^^^^^^^^^^^^^^^^^^^^^^^^^^^^^
    )
    ^
  File "C:\Users\jchar\venv\Lib\site-packages\django\db\models\sql\query.py", line 1563, in build_filter
    self.check_related_objects(join_info.final_field, value, join_info.opts)
    ~~~~~~~~~~~~~~~~~~~~~~~~~~^^^^^^^^^^^^^^^^^^^^^^^^^^^^^^^^^^^^^^^^^^^^^^
  File "C:\Users\jchar\venv\Lib\site-packages\django\db\models\sql\query.py", line 1372, in check_related_objects
    self.check_query_object_type(value, opts, field)
    ~~~~~~~~~~~~~~~~~~~~~~~~~~~~^^^^^^^^^^^^^^^^^^^^
  File "C:\Users\jchar\venv\Lib\site-packages\django\db\models\sql\query.py", line 1349, in check_query_object_type
    raise ValueError(
    ...<2 lines>...
    )
ValueError: Cannot query "jchar": Must be "Hrac" instance.
ERROR 2026-05-07 20:23:46,590 log Internal Server Error: /zebricek/
Traceback (most recent call last):
  File "C:\Users\jchar\venv\Lib\site-packages\django\core\handlers\exception.py", line 55, in inner
    response = get_response(request)
  File "C:\Users\jchar\venv\Lib\site-packages\django\core\handlers\base.py", line 197, in _get_response
    response = wrapped_callback(request, *callback_args, **callback_kwargs)
  File "C:\Users\jchar\venv\Lib\site-packages\django\contrib\auth\decorators.py", line 59, in _view_wrapper
    return view_func(request, *args, **kwargs)
  File "C:\Users\jchar\djangoSport\zebricek_app\views.py", line 36, in zebricek_detail
    moje_data = vsechny_pozice.filter(hrac__user=request.user).first()
                ~~~~~~~~~~~~~~~~~~~~~^^^^^^^^^^^^^^^^^^^^^^^^^
  File "C:\Users\jchar\venv\Lib\site-packages\django\db\models\query.py", line 1495, in filter
    return self._filter_or_exclude(False, args, kwargs)
           ~~~~~~~~~~~~~~~~~~~~~~~^^^^^^^^^^^^^^^^^^^^^
  File "C:\Users\jchar\venv\Lib\site-packages\django\db\models\query.py", line 1513, in _filter_or_exclude
    clone._filter_or_exclude_inplace(negate, args, kwargs)
    ~~~~~~~~~~~~~~~~~~~~~~~~~~~~~~~~^^^^^^^^^^^^^^^^^^^^^^
  File "C:\Users\jchar\venv\Lib\site-packages\django\db\models\query.py", line 1523, in _filter_or_exclude_inplace
    self._query.add_q(Q(*args, **kwargs))
    ~~~~~~~~~~~~~~~~~^^^^^^^^^^^^^^^^^^^^
  File "C:\Users\jchar\venv\Lib\site-packages\django\db\models\sql\query.py", line 1646, in add_q
    clause, _ = self._add_q(q_object, can_reuse)
                ~~~~~~~~~~~^^^^^^^^^^^^^^^^^^^^^
  File "C:\Users\jchar\venv\Lib\site-packages\django\db\models\sql\query.py", line 1678, in _add_q
    child_clause, needed_inner = self.build_filter(
                                 ~~~~~~~~~~~~~~~~~^
        child,
        ^^^^^^
    ...<7 lines>...
        update_join_types=update_join_types,
        ^^^^^^^^^^^^^^^^^^^^^^^^^^^^^^^^^^^^
    )
    ^
  File "C:\Users\jchar\venv\Lib\site-packages\django\db\models\sql\query.py", line 1563, in build_filter
    self.check_related_objects(join_info.final_field, value, join_info.opts)
    ~~~~~~~~~~~~~~~~~~~~~~~~~~^^^^^^^^^^^^^^^^^^^^^^^^^^^^^^^^^^^^^^^^^^^^^^
  File "C:\Users\jchar\venv\Lib\site-packages\django\db\models\sql\query.py", line 1372, in check_related_objects
    self.check_query_object_type(value, opts, field)
    ~~~~~~~~~~~~~~~~~~~~~~~~~~~~^^^^^^^^^^^^^^^^^^^^
  File "C:\Users\jchar\venv\Lib\site-packages\django\db\models\sql\query.py", line 1349, in check_query_object_type
    raise ValueError(
    ...<2 lines>...
    )
ValueError: Cannot query "jchar": Must be "Hrac" instance.
INFO 2026-05-07 20:25:58,666 autoreload C:\Users\jchar\djangoSport\zebricek_app\views.py changed, reloading.
INFO 2026-05-07 20:25:59,713 autoreload Watching for file changes with StatReloader
INFO 2026-05-07 20:28:22,044 autoreload C:\Users\jchar\djangoSport\zebricek_app\views.py changed, reloading.
INFO 2026-05-07 20:28:23,169 autoreload Watching for file changes with StatReloader
ERROR 2026-05-07 20:28:30,112 log Internal Server Error: /zebricek/
Traceback (most recent call last):
  File "C:\Users\jchar\venv\Lib\site-packages\django\core\handlers\exception.py", line 55, in inner
    response = get_response(request)
  File "C:\Users\jchar\venv\Lib\site-packages\django\core\handlers\base.py", line 197, in _get_response
    response = wrapped_callback(request, *callback_args, **callback_kwargs)
  File "C:\Users\jchar\venv\Lib\site-packages\django\contrib\auth\decorators.py", line 59, in _view_wrapper
    return view_func(request, *args, **kwargs)
  File "C:\Users\jchar\djangoSport\zebricek_app\views.py", line 14, in zebricek_detail
    moje_data = vsechny_pozice.filter(hrac__user=request.user).first()
                ~~~~~~~~~~~~~~~~~~~~~^^^^^^^^^^^^^^^^^^^^^^^^^
  File "C:\Users\jchar\venv\Lib\site-packages\django\db\models\query.py", line 1495, in filter
    return self._filter_or_exclude(False, args, kwargs)
           ~~~~~~~~~~~~~~~~~~~~~~~^^^^^^^^^^^^^^^^^^^^^
  File "C:\Users\jchar\venv\Lib\site-packages\django\db\models\query.py", line 1513, in _filter_or_exclude
    clone._filter_or_exclude_inplace(negate, args, kwargs)
    ~~~~~~~~~~~~~~~~~~~~~~~~~~~~~~~~^^^^^^^^^^^^^^^^^^^^^^
  File "C:\Users\jchar\venv\Lib\site-packages\django\db\models\query.py", line 1523, in _filter_or_exclude_inplace
    self._query.add_q(Q(*args, **kwargs))
    ~~~~~~~~~~~~~~~~~^^^^^^^^^^^^^^^^^^^^
  File "C:\Users\jchar\venv\Lib\site-packages\django\db\models\sql\query.py", line 1646, in add_q
    clause, _ = self._add_q(q_object, can_reuse)
                ~~~~~~~~~~~^^^^^^^^^^^^^^^^^^^^^
  File "C:\Users\jchar\venv\Lib\site-packages\django\db\models\sql\query.py", line 1678, in _add_q
    child_clause, needed_inner = self.build_filter(
                                 ~~~~~~~~~~~~~~~~~^
        child,
        ^^^^^^
    ...<7 lines>...
        update_join_types=update_join_types,
        ^^^^^^^^^^^^^^^^^^^^^^^^^^^^^^^^^^^^
    )
    ^
  File "C:\Users\jchar\venv\Lib\site-packages\django\db\models\sql\query.py", line 1563, in build_filter
    self.check_related_objects(join_info.final_field, value, join_info.opts)
    ~~~~~~~~~~~~~~~~~~~~~~~~~~^^^^^^^^^^^^^^^^^^^^^^^^^^^^^^^^^^^^^^^^^^^^^^
  File "C:\Users\jchar\venv\Lib\site-packages\django\db\models\sql\query.py", line 1372, in check_related_objects
    self.check_query_object_type(value, opts, field)
    ~~~~~~~~~~~~~~~~~~~~~~~~~~~~^^^^^^^^^^^^^^^^^^^^
  File "C:\Users\jchar\venv\Lib\site-packages\django\db\models\sql\query.py", line 1349, in check_query_object_type
    raise ValueError(
    ...<2 lines>...
    )
ValueError: Cannot query "jchar": Must be "Hrac" instance.
INFO 2026-05-07 20:31:13,724 autoreload C:\Users\jchar\djangoSport\zebricek_app\views.py changed, reloading.
INFO 2026-05-07 20:31:14,759 autoreload Watching for file changes with StatReloader
ERROR 2026-05-07 20:31:21,149 log Internal Server Error: /zebricek/
Traceback (most recent call last):
  File "C:\Users\jchar\venv\Lib\site-packages\django\core\handlers\exception.py", line 55, in inner
    response = get_response(request)
  File "C:\Users\jchar\venv\Lib\site-packages\django\core\handlers\base.py", line 197, in _get_response
    response = wrapped_callback(request, *callback_args, **callback_kwargs)
  File "C:\Users\jchar\venv\Lib\site-packages\django\contrib\auth\decorators.py", line 59, in _view_wrapper
    return view_func(request, *args, **kwargs)
  File "C:\Users\jchar\djangoSport\zebricek_app\views.py", line 15, in zebricek_detail
    moje_data = ZebricekPozice.objects.filter(hrac__user=request.user).first()
                ~~~~~~~~~~~~~~~~~~~~~~~~~~~~~^^^^^^^^^^^^^^^^^^^^^^^^^
  File "C:\Users\jchar\venv\Lib\site-packages\django\db\models\manager.py", line 87, in manager_method
    return getattr(self.get_queryset(), name)(*args, **kwargs)
           ~~~~~~~~~~~~~~~~~~~~~~~~~~~~~~~~~~^^^^^^^^^^^^^^^^^
  File "C:\Users\jchar\venv\Lib\site-packages\django\db\models\query.py", line 1495, in filter
    return self._filter_or_exclude(False, args, kwargs)
           ~~~~~~~~~~~~~~~~~~~~~~~^^^^^^^^^^^^^^^^^^^^^
  File "C:\Users\jchar\venv\Lib\site-packages\django\db\models\query.py", line 1513, in _filter_or_exclude
    clone._filter_or_exclude_inplace(negate, args, kwargs)
    ~~~~~~~~~~~~~~~~~~~~~~~~~~~~~~~~^^^^^^^^^^^^^^^^^^^^^^
  File "C:\Users\jchar\venv\Lib\site-packages\django\db\models\query.py", line 1523, in _filter_or_exclude_inplace
    self._query.add_q(Q(*args, **kwargs))
    ~~~~~~~~~~~~~~~~~^^^^^^^^^^^^^^^^^^^^
  File "C:\Users\jchar\venv\Lib\site-packages\django\db\models\sql\query.py", line 1646, in add_q
    clause, _ = self._add_q(q_object, can_reuse)
                ~~~~~~~~~~~^^^^^^^^^^^^^^^^^^^^^
  File "C:\Users\jchar\venv\Lib\site-packages\django\db\models\sql\query.py", line 1678, in _add_q
    child_clause, needed_inner = self.build_filter(
                                 ~~~~~~~~~~~~~~~~~^
        child,
        ^^^^^^
    ...<7 lines>...
        update_join_types=update_join_types,
        ^^^^^^^^^^^^^^^^^^^^^^^^^^^^^^^^^^^^
    )
    ^
  File "C:\Users\jchar\venv\Lib\site-packages\django\db\models\sql\query.py", line 1563, in build_filter
    self.check_related_objects(join_info.final_field, value, join_info.opts)
    ~~~~~~~~~~~~~~~~~~~~~~~~~~^^^^^^^^^^^^^^^^^^^^^^^^^^^^^^^^^^^^^^^^^^^^^^
  File "C:\Users\jchar\venv\Lib\site-packages\django\db\models\sql\query.py", line 1372, in check_related_objects
    self.check_query_object_type(value, opts, field)
    ~~~~~~~~~~~~~~~~~~~~~~~~~~~~^^^^^^^^^^^^^^^^^^^^
  File "C:\Users\jchar\venv\Lib\site-packages\django\db\models\sql\query.py", line 1349, in check_query_object_type
    raise ValueError(
    ...<2 lines>...
    )
ValueError: Cannot query "jchar": Must be "Hrac" instance.
ERROR 2026-05-07 20:32:31,093 forms Failed to send password reset email to 1
Traceback (most recent call last):
  File "C:\Users\jchar\venv\Lib\site-packages\django\contrib\auth\forms.py", line 434, in send_mail
    email_message.send()
    ~~~~~~~~~~~~~~~~~~^^
  File "C:\Users\jchar\venv\Lib\site-packages\django\core\mail\message.py", line 307, in send
    return self.get_connection(fail_silently).send_messages([self])
           ~~~~~~~~~~~~~~~~~~~~~~~~~~~~~~~~~~~~~~~~~~~~~~~~^^^^^^^^
  File "C:\Users\jchar\venv\Lib\site-packages\django\core\mail\backends\smtp.py", line 128, in send_messages
    new_conn_created = self.open()
  File "C:\Users\jchar\venv\Lib\site-packages\django\core\mail\backends\smtp.py", line 93, in open
    self.connection.starttls(context=self.ssl_context)
    ~~~~~~~~~~~~~~~~~~~~~~~~^^^^^^^^^^^^^^^^^^^^^^^^^^
  File "C:\Users\jchar\AppData\Local\Python\pythoncore-3.14-64\Lib\smtplib.py", line 791, in starttls
    self.sock = context.wrap_socket(self.sock,
                ~~~~~~~~~~~~~~~~~~~^^^^^^^^^^^
                                    server_hostname=self._host)
                                    ^^^^^^^^^^^^^^^^^^^^^^^^^^^
  File "C:\Users\jchar\AppData\Local\Python\pythoncore-3.14-64\Lib\ssl.py", line 455, in wrap_socket
    return self.sslsocket_class._create(
           ~~~~~~~~~~~~~~~~~~~~~~~~~~~~^
        sock=sock,
        ^^^^^^^^^^
    ...<5 lines>...
        session=session
        ^^^^^^^^^^^^^^^
    )
    ^
  File "C:\Users\jchar\AppData\Local\Python\pythoncore-3.14-64\Lib\ssl.py", line 1076, in _create
    self.do_handshake()
    ~~~~~~~~~~~~~~~~~^^
  File "C:\Users\jchar\AppData\Local\Python\pythoncore-3.14-64\Lib\ssl.py", line 1372, in do_handshake
    self._sslobj.do_handshake()
    ~~~~~~~~~~~~~~~~~~~~~~~~~^^
ssl.SSLCertVerificationError: [SSL: CERTIFICATE_VERIFY_FAILED] certificate verify failed: Basic Constraints of CA cert not marked critical (_ssl.c:1077)
ERROR 2026-05-07 20:34:35,707 forms Failed to send password reset email to 1
Traceback (most recent call last):
  File "C:\Users\jchar\venv\Lib\site-packages\django\contrib\auth\forms.py", line 434, in send_mail
    email_message.send()
    ~~~~~~~~~~~~~~~~~~^^
  File "C:\Users\jchar\venv\Lib\site-packages\django\core\mail\message.py", line 307, in send
    return self.get_connection(fail_silently).send_messages([self])
           ~~~~~~~~~~~~~~~~~~~~~~~~~~~~~~~~~~~~~~~~~~~~~~~~^^^^^^^^
  File "C:\Users\jchar\venv\Lib\site-packages\django\core\mail\backends\smtp.py", line 128, in send_messages
    new_conn_created = self.open()
  File "C:\Users\jchar\venv\Lib\site-packages\django\core\mail\backends\smtp.py", line 93, in open
    self.connection.starttls(context=self.ssl_context)
    ~~~~~~~~~~~~~~~~~~~~~~~~^^^^^^^^^^^^^^^^^^^^^^^^^^
  File "C:\Users\jchar\AppData\Local\Python\pythoncore-3.14-64\Lib\smtplib.py", line 791, in starttls
    self.sock = context.wrap_socket(self.sock,
                ~~~~~~~~~~~~~~~~~~~^^^^^^^^^^^
                                    server_hostname=self._host)
                                    ^^^^^^^^^^^^^^^^^^^^^^^^^^^
  File "C:\Users\jchar\AppData\Local\Python\pythoncore-3.14-64\Lib\ssl.py", line 455, in wrap_socket
    return self.sslsocket_class._create(
           ~~~~~~~~~~~~~~~~~~~~~~~~~~~~^
        sock=sock,
        ^^^^^^^^^^
    ...<5 lines>...
        session=session
        ^^^^^^^^^^^^^^^
    )
    ^
  File "C:\Users\jchar\AppData\Local\Python\pythoncore-3.14-64\Lib\ssl.py", line 1076, in _create
    self.do_handshake()
    ~~~~~~~~~~~~~~~~~^^
  File "C:\Users\jchar\AppData\Local\Python\pythoncore-3.14-64\Lib\ssl.py", line 1372, in do_handshake
    self._sslobj.do_handshake()
    ~~~~~~~~~~~~~~~~~~~~~~~~~^^
ssl.SSLCertVerificationError: [SSL: CERTIFICATE_VERIFY_FAILED] certificate verify failed: Basic Constraints of CA cert not marked critical (_ssl.c:1077)
ERROR 2026-05-07 20:38:15,908 log Internal Server Error: /zebricek/
Traceback (most recent call last):
  File "C:\Users\jchar\venv\Lib\site-packages\django\core\handlers\exception.py", line 55, in inner
    response = get_response(request)
  File "C:\Users\jchar\venv\Lib\site-packages\django\core\handlers\base.py", line 197, in _get_response
    response = wrapped_callback(request, *callback_args, **callback_kwargs)
  File "C:\Users\jchar\venv\Lib\site-packages\django\contrib\auth\decorators.py", line 59, in _view_wrapper
    return view_func(request, *args, **kwargs)
  File "C:\Users\jchar\djangoSport\zebricek_app\views.py", line 15, in zebricek_detail
    moje_data = ZebricekPozice.objects.filter(hrac__user=request.user).first()
                ~~~~~~~~~~~~~~~~~~~~~~~~~~~~~^^^^^^^^^^^^^^^^^^^^^^^^^
  File "C:\Users\jchar\venv\Lib\site-packages\django\db\models\manager.py", line 87, in manager_method
    return getattr(self.get_queryset(), name)(*args, **kwargs)
           ~~~~~~~~~~~~~~~~~~~~~~~~~~~~~~~~~~^^^^^^^^^^^^^^^^^
  File "C:\Users\jchar\venv\Lib\site-packages\django\db\models\query.py", line 1495, in filter
    return self._filter_or_exclude(False, args, kwargs)
           ~~~~~~~~~~~~~~~~~~~~~~~^^^^^^^^^^^^^^^^^^^^^
  File "C:\Users\jchar\venv\Lib\site-packages\django\db\models\query.py", line 1513, in _filter_or_exclude
    clone._filter_or_exclude_inplace(negate, args, kwargs)
    ~~~~~~~~~~~~~~~~~~~~~~~~~~~~~~~~^^^^^^^^^^^^^^^^^^^^^^
  File "C:\Users\jchar\venv\Lib\site-packages\django\db\models\query.py", line 1523, in _filter_or_exclude_inplace
    self._query.add_q(Q(*args, **kwargs))
    ~~~~~~~~~~~~~~~~~^^^^^^^^^^^^^^^^^^^^
  File "C:\Users\jchar\venv\Lib\site-packages\django\db\models\sql\query.py", line 1646, in add_q
    clause, _ = self._add_q(q_object, can_reuse)
                ~~~~~~~~~~~^^^^^^^^^^^^^^^^^^^^^
  File "C:\Users\jchar\venv\Lib\site-packages\django\db\models\sql\query.py", line 1678, in _add_q
    child_clause, needed_inner = self.build_filter(
                                 ~~~~~~~~~~~~~~~~~^
        child,
        ^^^^^^
    ...<7 lines>...
        update_join_types=update_join_types,
        ^^^^^^^^^^^^^^^^^^^^^^^^^^^^^^^^^^^^
    )
    ^
  File "C:\Users\jchar\venv\Lib\site-packages\django\db\models\sql\query.py", line 1563, in build_filter
    self.check_related_objects(join_info.final_field, value, join_info.opts)
    ~~~~~~~~~~~~~~~~~~~~~~~~~~^^^^^^^^^^^^^^^^^^^^^^^^^^^^^^^^^^^^^^^^^^^^^^
  File "C:\Users\jchar\venv\Lib\site-packages\django\db\models\sql\query.py", line 1372, in check_related_objects
    self.check_query_object_type(value, opts, field)
    ~~~~~~~~~~~~~~~~~~~~~~~~~~~~^^^^^^^^^^^^^^^^^^^^
  File "C:\Users\jchar\venv\Lib\site-packages\django\db\models\sql\query.py", line 1349, in check_query_object_type
    raise ValueError(
    ...<2 lines>...
    )
ValueError: Cannot query "jiri-charousek": Must be "Hrac" instance.
INFO 2026-05-07 20:40:14,186 autoreload C:\Users\jchar\djangoSport\zebricek_app\models.py changed, reloading.
INFO 2026-05-07 20:40:15,581 autoreload Watching for file changes with StatReloader
ERROR 2026-05-07 20:40:25,501 log Internal Server Error: /zebricek/
Traceback (most recent call last):
  File "C:\Users\jchar\venv\Lib\site-packages\django\core\handlers\exception.py", line 55, in inner
    response = get_response(request)
  File "C:\Users\jchar\venv\Lib\site-packages\django\core\handlers\base.py", line 197, in _get_response
    response = wrapped_callback(request, *callback_args, **callback_kwargs)
  File "C:\Users\jchar\venv\Lib\site-packages\django\contrib\auth\decorators.py", line 59, in _view_wrapper
    return view_func(request, *args, **kwargs)
  File "C:\Users\jchar\djangoSport\zebricek_app\views.py", line 15, in zebricek_detail
    moje_data = ZebricekPozice.objects.filter(hrac__user=request.user).first()
                ~~~~~~~~~~~~~~~~~~~~~~~~~~~~~^^^^^^^^^^^^^^^^^^^^^^^^^
  File "C:\Users\jchar\venv\Lib\site-packages\django\db\models\manager.py", line 87, in manager_method
    return getattr(self.get_queryset(), name)(*args, **kwargs)
           ~~~~~~~~~~~~~~~~~~~~~~~~~~~~~~~~~~^^^^^^^^^^^^^^^^^
  File "C:\Users\jchar\venv\Lib\site-packages\django\db\models\query.py", line 1495, in filter
    return self._filter_or_exclude(False, args, kwargs)
           ~~~~~~~~~~~~~~~~~~~~~~~^^^^^^^^^^^^^^^^^^^^^
  File "C:\Users\jchar\venv\Lib\site-packages\django\db\models\query.py", line 1513, in _filter_or_exclude
    clone._filter_or_exclude_inplace(negate, args, kwargs)
    ~~~~~~~~~~~~~~~~~~~~~~~~~~~~~~~~^^^^^^^^^^^^^^^^^^^^^^
  File "C:\Users\jchar\venv\Lib\site-packages\django\db\models\query.py", line 1523, in _filter_or_exclude_inplace
    self._query.add_q(Q(*args, **kwargs))
    ~~~~~~~~~~~~~~~~~^^^^^^^^^^^^^^^^^^^^
  File "C:\Users\jchar\venv\Lib\site-packages\django\db\models\sql\query.py", line 1646, in add_q
    clause, _ = self._add_q(q_object, can_reuse)
                ~~~~~~~~~~~^^^^^^^^^^^^^^^^^^^^^
  File "C:\Users\jchar\venv\Lib\site-packages\django\db\models\sql\query.py", line 1678, in _add_q
    child_clause, needed_inner = self.build_filter(
                                 ~~~~~~~~~~~~~~~~~^
        child,
        ^^^^^^
    ...<7 lines>...
        update_join_types=update_join_types,
        ^^^^^^^^^^^^^^^^^^^^^^^^^^^^^^^^^^^^
    )
    ^
  File "C:\Users\jchar\venv\Lib\site-packages\django\db\models\sql\query.py", line 1563, in build_filter
    self.check_related_objects(join_info.final_field, value, join_info.opts)
    ~~~~~~~~~~~~~~~~~~~~~~~~~~^^^^^^^^^^^^^^^^^^^^^^^^^^^^^^^^^^^^^^^^^^^^^^
  File "C:\Users\jchar\venv\Lib\site-packages\django\db\models\sql\query.py", line 1372, in check_related_objects
    self.check_query_object_type(value, opts, field)
    ~~~~~~~~~~~~~~~~~~~~~~~~~~~~^^^^^^^^^^^^^^^^^^^^
  File "C:\Users\jchar\venv\Lib\site-packages\django\db\models\sql\query.py", line 1349, in check_query_object_type
    raise ValueError(
    ...<2 lines>...
    )
ValueError: Cannot query "jiri-charousek": Must be "Hrac" instance.
INFO 2026-05-07 20:41:00,307 autoreload C:\Users\jchar\djangoSport\zebricek_app\views.py changed, reloading.
INFO 2026-05-07 20:41:01,451 autoreload Watching for file changes with StatReloader
ERROR 2026-05-07 20:41:08,100 log Internal Server Error: /zebricek/
Traceback (most recent call last):
  File "C:\Users\jchar\venv\Lib\site-packages\django\core\handlers\exception.py", line 55, in inner
    response = get_response(request)
  File "C:\Users\jchar\venv\Lib\site-packages\django\core\handlers\base.py", line 197, in _get_response
    response = wrapped_callback(request, *callback_args, **callback_kwargs)
  File "C:\Users\jchar\venv\Lib\site-packages\django\contrib\auth\decorators.py", line 59, in _view_wrapper
    return view_func(request, *args, **kwargs)
  File "C:\Users\jchar\djangoSport\zebricek_app\views.py", line 17, in zebricek_detail
    aktualni_hrac_obj = Hrac.objects.filter(user=request.user).first()
                        ~~~~~~~~~~~~~~~~~~~^^^^^^^^^^^^^^^^^^^
  File "C:\Users\jchar\venv\Lib\site-packages\django\db\models\manager.py", line 87, in manager_method
    return getattr(self.get_queryset(), name)(*args, **kwargs)
           ~~~~~~~~~~~~~~~~~~~~~~~~~~~~~~~~~~^^^^^^^^^^^^^^^^^
  File "C:\Users\jchar\venv\Lib\site-packages\django\db\models\query.py", line 1495, in filter
    return self._filter_or_exclude(False, args, kwargs)
           ~~~~~~~~~~~~~~~~~~~~~~~^^^^^^^^^^^^^^^^^^^^^
  File "C:\Users\jchar\venv\Lib\site-packages\django\db\models\query.py", line 1513, in _filter_or_exclude
    clone._filter_or_exclude_inplace(negate, args, kwargs)
    ~~~~~~~~~~~~~~~~~~~~~~~~~~~~~~~~^^^^^^^^^^^^^^^^^^^^^^
  File "C:\Users\jchar\venv\Lib\site-packages\django\db\models\query.py", line 1523, in _filter_or_exclude_inplace
    self._query.add_q(Q(*args, **kwargs))
    ~~~~~~~~~~~~~~~~~^^^^^^^^^^^^^^^^^^^^
  File "C:\Users\jchar\venv\Lib\site-packages\django\db\models\sql\query.py", line 1646, in add_q
    clause, _ = self._add_q(q_object, can_reuse)
                ~~~~~~~~~~~^^^^^^^^^^^^^^^^^^^^^
  File "C:\Users\jchar\venv\Lib\site-packages\django\db\models\sql\query.py", line 1678, in _add_q
    child_clause, needed_inner = self.build_filter(
                                 ~~~~~~~~~~~~~~~~~^
        child,
        ^^^^^^
    ...<7 lines>...
        update_join_types=update_join_types,
        ^^^^^^^^^^^^^^^^^^^^^^^^^^^^^^^^^^^^
    )
    ^
  File "C:\Users\jchar\venv\Lib\site-packages\django\db\models\sql\query.py", line 1526, in build_filter
    lookups, parts, reffed_expression = self.solve_lookup_type(arg, summarize)
                                        ~~~~~~~~~~~~~~~~~~~~~~^^^^^^^^^^^^^^^^
  File "C:\Users\jchar\venv\Lib\site-packages\django\db\models\sql\query.py", line 1333, in solve_lookup_type
    _, field, _, lookup_parts = self.names_to_path(lookup_splitted, self.get_meta())
                                ~~~~~~~~~~~~~~~~~~^^^^^^^^^^^^^^^^^^^^^^^^^^^^^^^^^^
  File "C:\Users\jchar\venv\Lib\site-packages\django\db\models\sql\query.py", line 1806, in names_to_path
    raise FieldError(
    ...<2 lines>...
    )
django.core.exceptions.FieldError: Cannot resolve keyword 'user' into field. Choices are: datum_narozeni, domaci, email, foto, hoste, id, info, jmeno, klub, telefon, web, zebricek_data
INFO 2026-05-07 20:42:38,073 autoreload C:\Users\jchar\djangoSport\zebricek_app\views.py changed, reloading.
INFO 2026-05-07 20:42:39,332 autoreload Watching for file changes with StatReloader
INFO 2026-05-07 20:46:01,198 autoreload C:\Users\jchar\djangoSport\tenis_app\models.py changed, reloading.
INFO 2026-05-07 20:46:02,313 autoreload Watching for file changes with StatReloader
INFO 2026-05-07 20:47:05,367 autoreload C:\Users\jchar\djangoSport\tenis_app\models.py changed, reloading.
INFO 2026-05-07 20:47:06,312 autoreload Watching for file changes with StatReloader
INFO 2026-05-07 20:48:22,294 autoreload Watching for file changes with StatReloader
INFO 2026-05-07 21:22:30,733 autoreload C:\Users\jchar\djangoSport\zebricek_app\views.py changed, reloading.
INFO 2026-05-07 21:22:31,418 autoreload Watching for file changes with StatReloader
WARNING 2026-05-07 21:30:42,494 log Not Found: /tenis/zadat-vysledek/
WARNING 2026-05-07 21:30:57,237 log Not Found: /tenis/zadat-vysledek/
INFO 2026-05-07 21:33:40,376 autoreload C:\Users\jchar\djangoSport\tenis_app\views.py changed, reloading.
INFO 2026-05-07 21:33:40,909 autoreload Watching for file changes with StatReloader
INFO 2026-05-07 21:37:38,166 autoreload C:\Users\jchar\djangoSport\tenis_app\views.py changed, reloading.
INFO 2026-05-07 21:37:38,686 autoreload Watching for file changes with StatReloader
INFO 2026-05-07 21:40:27,416 autoreload C:\Users\jchar\djangoSport\tenis_app\views.py changed, reloading.
INFO 2026-05-07 21:40:27,945 autoreload Watching for file changes with StatReloader
INFO 2026-05-07 21:43:00,679 autoreload Watching for file changes with StatReloader
WARNING 2026-05-07 21:43:12,211 log Not Found: /tenis/zadat-vysledek/
INFO 2026-05-07 21:44:13,656 autoreload C:\Users\jchar\djangoSport\zebricek_app\admin.py changed, reloading.
INFO 2026-05-07 21:44:14,179 autoreload Watching for file changes with StatReloader
INFO 2026-05-07 21:45:23,673 autoreload C:\Users\jchar\djangoSport\zebricek_app\admin.py changed, reloading.
INFO 2026-05-07 21:45:24,139 autoreload Watching for file changes with StatReloader
INFO 2026-05-07 21:46:17,508 autoreload C:\Users\jchar\djangoSport\zebricek_app\admin.py changed, reloading.
INFO 2026-05-07 21:46:18,026 autoreload Watching for file changes with StatReloader
WARNING 2026-05-07 21:46:42,691 log Not Found: /tenis/zadat-vysledek/
WARNING 2026-05-07 21:51:33,332 log Not Found: /tenis/zadat-vysledek/
INFO 2026-05-07 21:55:53,226 autoreload C:\Users\jchar\djangoSport\tenis_app\views.py changed, reloading.
INFO 2026-05-07 21:55:53,767 autoreload Watching for file changes with StatReloader
INFO 2026-05-07 21:56:39,762 autoreload C:\Users\jchar\djangoSport\tenis_app\views.py changed, reloading.
INFO 2026-05-07 21:56:40,192 autoreload Watching for file changes with StatReloader
ERROR 2026-05-07 21:56:45,924 log Internal Server Error: /tenis/zadat-vysledek/
Traceback (most recent call last):
  File "C:\Users\jchar\venv\Lib\site-packages\django\core\handlers\exception.py", line 55, in inner
    response = get_response(request)
  File "C:\Users\jchar\venv\Lib\site-packages\django\core\handlers\base.py", line 204, in _get_response
    self.check_response(response, callback)
    ~~~~~~~~~~~~~~~~~~~^^^^^^^^^^^^^^^^^^^^
  File "C:\Users\jchar\venv\Lib\site-packages\django\core\handlers\base.py", line 332, in check_response
    raise ValueError(
    ...<2 lines>...
    )
ValueError: The view tenis_app.views.zadat_vysledek didn't return an HttpResponse object. It returned None instead.
INFO 2026-05-07 21:57:07,053 autoreload C:\Users\jchar\djangoSport\tenis_app\views.py changed, reloading.
INFO 2026-05-07 21:57:07,541 autoreload Watching for file changes with StatReloader
WARNING 2026-05-07 21:57:11,019 log Not Found: /tenis/zadat-vysledek/
INFO 2026-05-07 21:57:43,577 autoreload C:\Users\jchar\djangoSport\tenis_app\views.py changed, reloading.
INFO 2026-05-07 21:57:44,071 autoreload Watching for file changes with StatReloader
WARNING 2026-05-07 21:57:50,610 log Not Found: /tenis/zadat-vysledek/
WARNING 2026-05-07 22:05:34,515 log Not Found: /tenis/zadat-vysledek/
WARNING 2026-05-07 22:08:57,717 log Not Found: /tenis/zadat-vysledek/
WARNING 2026-05-07 22:11:22,934 log Not Found: /tenis/zadat-vysledek/
INFO 2026-05-07 22:13:56,600 autoreload C:\Users\jchar\djangoSport\tenis_app\views.py changed, reloading.
INFO 2026-05-07 22:13:57,174 autoreload Watching for file changes with StatReloader
ERROR 2026-05-07 22:14:33,389 log Internal Server Error: /tenis/zadat-vysledek/
Traceback (most recent call last):
  File "C:\Users\jchar\venv\Lib\site-packages\django\core\handlers\exception.py", line 55, in inner
    response = get_response(request)
  File "C:\Users\jchar\venv\Lib\site-packages\django\core\handlers\base.py", line 197, in _get_response
    response = wrapped_callback(request, *callback_args, **callback_kwargs)
  File "C:\Users\jchar\venv\Lib\site-packages\django\contrib\auth\decorators.py", line 59, in _view_wrapper
    return view_func(request, *args, **kwargs)
  File "C:\Users\jchar\djangoSport\tenis_app\views.py", line 195, in zadat_vysledek
    logger.info(f"VÝSLEDEK ZAPSÁN: Uživatel {request.user.username} uložil skóre zápasu {zapas.id} ({zapas.hrac_domaci} vs {zapas.hrac_hoste}: {zapas.set1_domaci}:{zapas.set1_hoste}...)")
                                                                                                                                                ^^^^^^^^^^^^^^^^^
AttributeError: 'Zapas' object has no attribute 'set1_domaci'. Did you mean: 'sety_domaci'?
INFO 2026-05-07 22:16:51,246 views Uživatel jiri-charousek si prohlíží soutěž: Léto 2026 - D
INFO 2026-05-07 22:17:05,991 views Uživatel jiri-charousek si prohlíží soutěž: Léto 2026 - D
INFO 2026-05-07 22:17:29,189 views Uživatel jiri-charousek si prohlíží soutěž: Léto 2026 - D
ERROR 2026-05-07 22:18:02,561 log Internal Server Error: /tenis/zadat-vysledek/
Traceback (most recent call last):
  File "C:\Users\jchar\venv\Lib\site-packages\django\core\handlers\exception.py", line 55, in inner
    response = get_response(request)
  File "C:\Users\jchar\venv\Lib\site-packages\django\core\handlers\base.py", line 197, in _get_response
    response = wrapped_callback(request, *callback_args, **callback_kwargs)
  File "C:\Users\jchar\venv\Lib\site-packages\django\contrib\auth\decorators.py", line 59, in _view_wrapper
    return view_func(request, *args, **kwargs)
  File "C:\Users\jchar\djangoSport\tenis_app\views.py", line 195, in zadat_vysledek
    logger.info(f"VÝSLEDEK ZAPSÁN: Uživatel {request.user.username} uložil skóre zápasu {zapas.id} ({zapas.hrac_domaci} vs {zapas.hrac_hoste}: {zapas.set1_domaci}:{zapas.set1_hoste}...)")
                                                                                                                                                ^^^^^^^^^^^^^^^^^
AttributeError: 'Zapas' object has no attribute 'set1_domaci'. Did you mean: 'sety_domaci'?
INFO 2026-05-07 22:24:42,237 autoreload C:\Users\jchar\djangoSport\tenis_app\views.py changed, reloading.
INFO 2026-05-07 22:24:42,779 autoreload Watching for file changes with StatReloader
INFO 2026-05-07 22:24:50,595 views VÝSLEDEK ZAPSÁN: Jana MASOPUSTOVÁ vs Jiří CHAROUSEK - 6:1
INFO 2026-05-07 22:24:50,611 views Uživatel jiri-charousek si prohlíží soutěž: 2026 zebricek
INFO 2026-05-07 22:26:10,378 views Uživatel jiri-charousek si prohlíží soutěž: 2026 zebricek
INFO 2026-05-07 22:26:44,085 views Uživatel jiri-charousek si prohlíží soutěž: Léto 2026 - D
INFO 2026-05-07 22:26:56,659 views Uživatel jiri-charousek si prohlíží soutěž: Léto 2026 - D
INFO 2026-05-07 22:27:10,568 views Uživatel jiri-charousek si prohlíží soutěž: Léto 2026 - D
INFO 2026-05-07 22:28:45,816 autoreload C:\Users\jchar\djangoSport\zebricek_app\views.py changed, reloading.
INFO 2026-05-07 22:28:46,329 autoreload Watching for file changes with StatReloader
INFO 2026-05-07 22:30:19,295 autoreload C:\Users\jchar\djangoSport\zebricek_app\views.py changed, reloading.
INFO 2026-05-07 22:30:19,786 autoreload Watching for file changes with StatReloader
INFO 2026-05-07 22:30:50,453 views VÝSLEDEK ZAPSÁN: Anna MAHELKOVÁ vs Jiří CHAROUSEK - 6:4
INFO 2026-05-07 22:30:50,464 views Uživatel jiri-charousek si prohlíží soutěž: 2026 zebricek
INFO 2026-05-07 22:32:25,708 views VÝSLEDEK ZAPSÁN: Jana MASOPUSTOVÁ vs Jiří CHAROUSEK - 6:2
INFO 2026-05-07 22:32:25,719 views Uživatel jiri-charousek si prohlíží soutěž: 2026 zebricek
INFO 2026-05-07 22:33:59,378 views VÝSLEDEK ZAPSÁN: Jana MASOPUSTOVÁ vs Jiří CHAROUSEK - 1:6
ERROR 2026-05-07 22:33:59,423 log Internal Server Error: /tenis/zadat-vysledek/
Traceback (most recent call last):
  File "C:\Users\jchar\venv\Lib\site-packages\django\db\backends\utils.py", line 105, in _execute
    return self.cursor.execute(sql, params)
           ~~~~~~~~~~~~~~~~~~~^^^^^^^^^^^^^
  File "C:\Users\jchar\venv\Lib\site-packages\django\db\backends\sqlite3\base.py", line 360, in execute
    return super().execute(query, params)
           ~~~~~~~~~~~~~~~^^^^^^^^^^^^^^^
sqlite3.IntegrityError: UNIQUE constraint failed: zebricek_app_zebricekpozice.pozice

The above exception was the direct cause of the following exception:

Traceback (most recent call last):
  File "C:\Users\jchar\venv\Lib\site-packages\django\core\handlers\exception.py", line 55, in inner
    response = get_response(request)
  File "C:\Users\jchar\venv\Lib\site-packages\django\core\handlers\base.py", line 197, in _get_response
    response = wrapped_callback(request, *callback_args, **callback_kwargs)
  File "C:\Users\jchar\venv\Lib\site-packages\django\contrib\auth\decorators.py", line 59, in _view_wrapper
    return view_func(request, *args, **kwargs)
  File "C:\Users\jchar\djangoSport\tenis_app\views.py", line 211, in zadat_vysledek
    aktualizuj_pozice_zebricku(zapas)
    ~~~~~~~~~~~~~~~~~~~~~~~~~~^^^^^^^
  File "C:\Users\jchar\djangoSport\zebricek_app\views.py", line 81, in aktualizuj_pozice_zebricku
    obhajce_data.save()
    ~~~~~~~~~~~~~~~~~^^
  File "C:\Users\jchar\venv\Lib\site-packages\django\db\models\base.py", line 902, in save
    self.save_base(
    ~~~~~~~~~~~~~~^
        using=using,
        ^^^^^^^^^^^^
    ...<2 lines>...
        update_fields=update_fields,
        ^^^^^^^^^^^^^^^^^^^^^^^^^^^^
    )
    ^
  File "C:\Users\jchar\venv\Lib\site-packages\django\db\models\base.py", line 1008, in save_base
    updated = self._save_table(
        raw,
    ...<4 lines>...
        update_fields,
    )
  File "C:\Users\jchar\venv\Lib\site-packages\django\db\models\base.py", line 1138, in _save_table
    updated = self._do_update(
        base_qs, using, pk_val, values, update_fields, forced_update
    )
  File "C:\Users\jchar\venv\Lib\site-packages\django\db\models\base.py", line 1203, in _do_update
    return filtered._update(values) > 0
           ~~~~~~~~~~~~~~~~^^^^^^^^
  File "C:\Users\jchar\venv\Lib\site-packages\django\db\models\query.py", line 1288, in _update
    return query.get_compiler(self.db).execute_sql(ROW_COUNT)
           ~~~~~~~~~~~~~~~~~~~~~~~~~~~~~~~~~~~~~~~^^^^^^^^^^^
  File "C:\Users\jchar\venv\Lib\site-packages\django\db\models\sql\compiler.py", line 2060, in execute_sql
    row_count = super().execute_sql(result_type)
  File "C:\Users\jchar\venv\Lib\site-packages\django\db\models\sql\compiler.py", line 1623, in execute_sql
    cursor.execute(sql, params)
    ~~~~~~~~~~~~~~^^^^^^^^^^^^^
  File "C:\Users\jchar\venv\Lib\site-packages\django\db\backends\utils.py", line 122, in execute
    return super().execute(sql, params)
           ~~~~~~~~~~~~~~~^^^^^^^^^^^^^
  File "C:\Users\jchar\venv\Lib\site-packages\django\db\backends\utils.py", line 79, in execute
    return self._execute_with_wrappers(
           ~~~~~~~~~~~~~~~~~~~~~~~~~~~^
        sql, params, many=False, executor=self._execute
        ^^^^^^^^^^^^^^^^^^^^^^^^^^^^^^^^^^^^^^^^^^^^^^^
    )
    ^
  File "C:\Users\jchar\venv\Lib\site-packages\django\db\backends\utils.py", line 92, in _execute_with_wrappers
    return executor(sql, params, many, context)
  File "C:\Users\jchar\venv\Lib\site-packages\django\db\backends\utils.py", line 100, in _execute
    with self.db.wrap_database_errors:
         ^^^^^^^^^^^^^^^^^^^^^^^^^^^^
  File "C:\Users\jchar\venv\Lib\site-packages\django\db\utils.py", line 91, in __exit__
    raise dj_exc_value.with_traceback(traceback) from exc_value
  File "C:\Users\jchar\venv\Lib\site-packages\django\db\backends\utils.py", line 105, in _execute
    return self.cursor.execute(sql, params)
           ~~~~~~~~~~~~~~~~~~~^^^^^^^^^^^^^
  File "C:\Users\jchar\venv\Lib\site-packages\django\db\backends\sqlite3\base.py", line 360, in execute
    return super().execute(query, params)
           ~~~~~~~~~~~~~~~^^^^^^^^^^^^^^^
django.db.utils.IntegrityError: UNIQUE constraint failed: zebricek_app_zebricekpozice.pozice
INFO 2026-05-07 22:35:25,572 autoreload C:\Users\jchar\djangoSport\zebricek_app\views.py changed, reloading.
INFO 2026-05-07 22:35:26,086 autoreload Watching for file changes with StatReloader
INFO 2026-05-07 22:35:32,202 views VÝSLEDEK ZAPSÁN: Jana MASOPUSTOVÁ vs Jiří CHAROUSEK - 1:6
INFO 2026-05-07 22:35:32,226 views Uživatel jiri-charousek si prohlíží soutěž: 2026 zebricek
INFO 2026-05-07 22:38:35,076 autoreload C:\Users\jchar\djangoSport\zebricek_app\urls.py changed, reloading.
INFO 2026-05-07 22:38:35,611 autoreload Watching for file changes with StatReloader
INFO 2026-05-07 22:39:06,428 autoreload C:\Users\jchar\djangoSport\zebricek_app\views.py changed, reloading.
INFO 2026-05-07 22:39:06,908 autoreload Watching for file changes with StatReloader
ERROR 2026-05-07 22:40:17,194 log Internal Server Error: /zebricek/manualni-posun/
Traceback (most recent call last):
  File "C:\Users\jchar\venv\Lib\site-packages\django\core\handlers\exception.py", line 55, in inner
    response = get_response(request)
  File "C:\Users\jchar\venv\Lib\site-packages\django\core\handlers\base.py", line 197, in _get_response
    response = wrapped_callback(request, *callback_args, **callback_kwargs)
  File "C:\Users\jchar\venv\Lib\site-packages\django\contrib\auth\decorators.py", line 59, in _view_wrapper
    return view_func(request, *args, **kwargs)
  File "C:\Users\jchar\djangoSport\zebricek_app\views.py", line 145, in manualni_posun_hrace
    return redirect('zebricek_index')
           ^^^^^^^^
NameError: name 'redirect' is not defined
INFO 2026-05-07 22:41:18,905 autoreload C:\Users\jchar\djangoSport\zebricek_app\views.py changed, reloading.
INFO 2026-05-07 22:41:19,409 autoreload Watching for file changes with StatReloader
INFO 2026-05-07 22:42:23,957 autoreload C:\Users\jchar\djangoSport\zebricek_app\views.py changed, reloading.
INFO 2026-05-07 22:42:24,450 autoreload Watching for file changes with StatReloader
INFO 2026-05-07 22:42:48,242 autoreload C:\Users\jchar\djangoSport\zebricek_app\views.py changed, reloading.
INFO 2026-05-07 22:42:48,748 autoreload Watching for file changes with StatReloader
INFO 2026-05-07 22:44:00,804 views VÝSLEDEK ZAPSÁN: Adam GAČ vs Jiří CHAROUSEK - 2:6
INFO 2026-05-07 22:44:00,823 views Uživatel jiri-charousek si prohlíží soutěž: 2026 zebricek
INFO 2026-05-07 22:44:38,428 views Uživatel jiri-charousek si prohlíží soutěž: Léto 2026 - C
INFO 2026-05-07 22:44:47,843 views Uživatel jiri-charousek si prohlíží soutěž: Léto 2026 - C
INFO 2026-05-07 22:45:04,533 views Uživatel jiri-charousek si prohlíží soutěž: Léto 2026 - C
INFO 2026-05-07 22:47:44,075 views Uživatel jiri-charousek si prohlíží soutěž: Léto 2026 - A
INFO 2026-05-07 22:48:31,462 views Uživatel jiri-charousek si prohlíží soutěž: Léto 2026 - A
INFO 2026-05-07 22:49:54,806 views Uživatel jiri-charousek si prohlíží soutěž: 2026 zebricek
INFO 2026-05-07 22:50:10,073 views Uživatel jiri-charousek si prohlíží soutěž: 2026 zebricek
INFO 2026-05-07 22:50:25,654 views Uživatel jiri-charousek si prohlíží soutěž: 2026 zebricek
INFO 2026-05-07 22:51:20,593 views Uživatel jiri-charousek si prohlíží soutěž: 2026 zebricek
INFO 2026-05-07 22:51:40,483 views Uživatel jiri-charousek si prohlíží soutěž: Léto 2026 - B
ERROR 2026-05-07 23:02:17,688 log Internal Server Error: /zebricek/
Traceback (most recent call last):
  File "C:\Users\jchar\venv\Lib\site-packages\django\template\backends\django.py", line 107, in render
    return self.template.render(context)
           ~~~~~~~~~~~~~~~~~~~~^^^^^^^^^
  File "C:\Users\jchar\venv\Lib\site-packages\django\template\base.py", line 171, in render
    return self._render(context)
           ~~~~~~~~~~~~^^^^^^^^^
  File "C:\Users\jchar\venv\Lib\site-packages\django\template\base.py", line 163, in _render
    return self.nodelist.render(context)
           ~~~~~~~~~~~~~~~~~~~~^^^^^^^^^
  File "C:\Users\jchar\venv\Lib\site-packages\django\template\base.py", line 1016, in render
    return SafeString("".join([node.render_annotated(context) for node in self]))
                               ~~~~~~~~~~~~~~~~~~~~~^^^^^^^^^
  File "C:\Users\jchar\venv\Lib\site-packages\django\template\base.py", line 977, in render_annotated
    return self.render(context)
           ~~~~~~~~~~~^^^^^^^^^
  File "C:\Users\jchar\venv\Lib\site-packages\django\template\loader_tags.py", line 159, in render
    return compiled_parent._render(context)
           ~~~~~~~~~~~~~~~~~~~~~~~^^^^^^^^^
  File "C:\Users\jchar\venv\Lib\site-packages\django\template\base.py", line 163, in _render
    return self.nodelist.render(context)
           ~~~~~~~~~~~~~~~~~~~~^^^^^^^^^
  File "C:\Users\jchar\venv\Lib\site-packages\django\template\base.py", line 1016, in render
    return SafeString("".join([node.render_annotated(context) for node in self]))
                               ~~~~~~~~~~~~~~~~~~~~~^^^^^^^^^
  File "C:\Users\jchar\venv\Lib\site-packages\django\template\base.py", line 977, in render_annotated
    return self.render(context)
           ~~~~~~~~~~~^^^^^^^^^
  File "C:\Users\jchar\venv\Lib\site-packages\django\template\loader_tags.py", line 65, in render
    result = block.nodelist.render(context)
  File "C:\Users\jchar\venv\Lib\site-packages\django\template\base.py", line 1016, in render
    return SafeString("".join([node.render_annotated(context) for node in self]))
                               ~~~~~~~~~~~~~~~~~~~~~^^^^^^^^^
  File "C:\Users\jchar\venv\Lib\site-packages\django\template\base.py", line 977, in render_annotated
    return self.render(context)
           ~~~~~~~~~~~^^^^^^^^^
  File "C:\Users\jchar\venv\Lib\site-packages\django\template\defaulttags.py", line 550, in render
    return self.nodelist.render(context)
           ~~~~~~~~~~~~~~~~~~~~^^^^^^^^^
  File "C:\Users\jchar\venv\Lib\site-packages\django\template\base.py", line 1016, in render
    return SafeString("".join([node.render_annotated(context) for node in self]))
                               ~~~~~~~~~~~~~~~~~~~~~^^^^^^^^^
  File "C:\Users\jchar\venv\Lib\site-packages\django\template\base.py", line 977, in render_annotated
    return self.render(context)
           ~~~~~~~~~~~^^^^^^^^^
  File "C:\Users\jchar\venv\Lib\site-packages\django\template\defaulttags.py", line 243, in render
    nodelist.append(node.render_annotated(context))
                    ~~~~~~~~~~~~~~~~~~~~~^^^^^^^^^
  File "C:\Users\jchar\venv\Lib\site-packages\django\template\base.py", line 977, in render_annotated
    return self.render(context)
           ~~~~~~~~~~~^^^^^^^^^
  File "C:\Users\jchar\venv\Lib\site-packages\django\template\defaulttags.py", line 327, in render
    return nodelist.render(context)
           ~~~~~~~~~~~~~~~^^^^^^^^^
  File "C:\Users\jchar\venv\Lib\site-packages\django\template\base.py", line 1016, in render
    return SafeString("".join([node.render_annotated(context) for node in self]))
                               ~~~~~~~~~~~~~~~~~~~~~^^^^^^^^^
  File "C:\Users\jchar\venv\Lib\site-packages\django\template\base.py", line 977, in render_annotated
    return self.render(context)
           ~~~~~~~~~~~^^^^^^^^^
  File "C:\Users\jchar\venv\Lib\site-packages\django\template\loader_tags.py", line 199, in render
    template = context.template.engine.select_template(template_name)
  File "C:\Users\jchar\venv\Lib\site-packages\django\template\engine.py", line 214, in select_template
    raise TemplateDoesNotExist(", ".join(not_found))
django.template.exceptions.TemplateDoesNotExist: zebricek_row_snippet.html

The above exception was the direct cause of the following exception:

Traceback (most recent call last):
  File "C:\Users\jchar\venv\Lib\site-packages\django\core\handlers\exception.py", line 55, in inner
    response = get_response(request)
  File "C:\Users\jchar\venv\Lib\site-packages\django\core\handlers\base.py", line 197, in _get_response
    response = wrapped_callback(request, *callback_args, **callback_kwargs)
  File "C:\Users\jchar\venv\Lib\site-packages\django\contrib\auth\decorators.py", line 59, in _view_wrapper
    return view_func(request, *args, **kwargs)
  File "C:\Users\jchar\djangoSport\zebricek_app\views.py", line 33, in zebricek_detail
    return render(request, 'zebricek_app/zebricek_list.html', {
        'zebricek': vsechny_pozice,
        'moje_data': moje_data,
        'mozni_souperi_ids': mozni_souperi_ids,
    })
  File "C:\Users\jchar\venv\Lib\site-packages\django\shortcuts.py", line 25, in render
    content = loader.render_to_string(template_name, context, request, using=using)
  File "C:\Users\jchar\venv\Lib\site-packages\django\template\loader.py", line 62, in render_to_string
    return template.render(context, request)
           ~~~~~~~~~~~~~~~^^^^^^^^^^^^^^^^^^
  File "C:\Users\jchar\venv\Lib\site-packages\django\template\backends\django.py", line 109, in render
    reraise(exc, self.backend)
    ~~~~~~~^^^^^^^^^^^^^^^^^^^
  File "C:\Users\jchar\venv\Lib\site-packages\django\template\backends\django.py", line 130, in reraise
    raise new from exc
django.template.exceptions.TemplateDoesNotExist: zebricek_row_snippet.html
ERROR 2026-05-07 23:03:54,542 log Internal Server Error: /zebricek/
Traceback (most recent call last):
  File "C:\Users\jchar\venv\Lib\site-packages\django\template\backends\django.py", line 107, in render
    return self.template.render(context)
           ~~~~~~~~~~~~~~~~~~~~^^^^^^^^^
  File "C:\Users\jchar\venv\Lib\site-packages\django\template\base.py", line 171, in render
    return self._render(context)
           ~~~~~~~~~~~~^^^^^^^^^
  File "C:\Users\jchar\venv\Lib\site-packages\django\template\base.py", line 163, in _render
    return self.nodelist.render(context)
           ~~~~~~~~~~~~~~~~~~~~^^^^^^^^^
  File "C:\Users\jchar\venv\Lib\site-packages\django\template\base.py", line 1016, in render
    return SafeString("".join([node.render_annotated(context) for node in self]))
                               ~~~~~~~~~~~~~~~~~~~~~^^^^^^^^^
  File "C:\Users\jchar\venv\Lib\site-packages\django\template\base.py", line 977, in render_annotated
    return self.render(context)
           ~~~~~~~~~~~^^^^^^^^^
  File "C:\Users\jchar\venv\Lib\site-packages\django\template\loader_tags.py", line 159, in render
    return compiled_parent._render(context)
           ~~~~~~~~~~~~~~~~~~~~~~~^^^^^^^^^
  File "C:\Users\jchar\venv\Lib\site-packages\django\template\base.py", line 163, in _render
    return self.nodelist.render(context)
           ~~~~~~~~~~~~~~~~~~~~^^^^^^^^^
  File "C:\Users\jchar\venv\Lib\site-packages\django\template\base.py", line 1016, in render
    return SafeString("".join([node.render_annotated(context) for node in self]))
                               ~~~~~~~~~~~~~~~~~~~~~^^^^^^^^^
  File "C:\Users\jchar\venv\Lib\site-packages\django\template\base.py", line 977, in render_annotated
    return self.render(context)
           ~~~~~~~~~~~^^^^^^^^^
  File "C:\Users\jchar\venv\Lib\site-packages\django\template\loader_tags.py", line 65, in render
    result = block.nodelist.render(context)
  File "C:\Users\jchar\venv\Lib\site-packages\django\template\base.py", line 1016, in render
    return SafeString("".join([node.render_annotated(context) for node in self]))
                               ~~~~~~~~~~~~~~~~~~~~~^^^^^^^^^
  File "C:\Users\jchar\venv\Lib\site-packages\django\template\base.py", line 977, in render_annotated
    return self.render(context)
           ~~~~~~~~~~~^^^^^^^^^
  File "C:\Users\jchar\venv\Lib\site-packages\django\template\defaulttags.py", line 550, in render
    return self.nodelist.render(context)
           ~~~~~~~~~~~~~~~~~~~~^^^^^^^^^
  File "C:\Users\jchar\venv\Lib\site-packages\django\template\base.py", line 1016, in render
    return SafeString("".join([node.render_annotated(context) for node in self]))
                               ~~~~~~~~~~~~~~~~~~~~~^^^^^^^^^
  File "C:\Users\jchar\venv\Lib\site-packages\django\template\base.py", line 977, in render_annotated
    return self.render(context)
           ~~~~~~~~~~~^^^^^^^^^
  File "C:\Users\jchar\venv\Lib\site-packages\django\template\defaulttags.py", line 243, in render
    nodelist.append(node.render_annotated(context))
                    ~~~~~~~~~~~~~~~~~~~~~^^^^^^^^^
  File "C:\Users\jchar\venv\Lib\site-packages\django\template\base.py", line 977, in render_annotated
    return self.render(context)
           ~~~~~~~~~~~^^^^^^^^^
  File "C:\Users\jchar\venv\Lib\site-packages\django\template\defaulttags.py", line 327, in render
    return nodelist.render(context)
           ~~~~~~~~~~~~~~~^^^^^^^^^
  File "C:\Users\jchar\venv\Lib\site-packages\django\template\base.py", line 1016, in render
    return SafeString("".join([node.render_annotated(context) for node in self]))
                               ~~~~~~~~~~~~~~~~~~~~~^^^^^^^^^
  File "C:\Users\jchar\venv\Lib\site-packages\django\template\base.py", line 977, in render_annotated
    return self.render(context)
           ~~~~~~~~~~~^^^^^^^^^
  File "C:\Users\jchar\venv\Lib\site-packages\django\template\loader_tags.py", line 199, in render
    template = context.template.engine.select_template(template_name)
  File "C:\Users\jchar\venv\Lib\site-packages\django\template\engine.py", line 214, in select_template
    raise TemplateDoesNotExist(", ".join(not_found))
django.template.exceptions.TemplateDoesNotExist: zebricek_row_snippet.html

The above exception was the direct cause of the following exception:

Traceback (most recent call last):
  File "C:\Users\jchar\venv\Lib\site-packages\django\core\handlers\exception.py", line 55, in inner
    response = get_response(request)
  File "C:\Users\jchar\venv\Lib\site-packages\django\core\handlers\base.py", line 197, in _get_response
    response = wrapped_callback(request, *callback_args, **callback_kwargs)
  File "C:\Users\jchar\venv\Lib\site-packages\django\contrib\auth\decorators.py", line 59, in _view_wrapper
    return view_func(request, *args, **kwargs)
  File "C:\Users\jchar\djangoSport\zebricek_app\views.py", line 33, in zebricek_detail
    return render(request, 'zebricek_app/zebricek_list.html', {
        'zebricek': vsechny_pozice,
        'moje_data': moje_data,
        'mozni_souperi_ids': mozni_souperi_ids,
    })
  File "C:\Users\jchar\venv\Lib\site-packages\django\shortcuts.py", line 25, in render
    content = loader.render_to_string(template_name, context, request, using=using)
  File "C:\Users\jchar\venv\Lib\site-packages\django\template\loader.py", line 62, in render_to_string
    return template.render(context, request)
           ~~~~~~~~~~~~~~~^^^^^^^^^^^^^^^^^^
  File "C:\Users\jchar\venv\Lib\site-packages\django\template\backends\django.py", line 109, in render
    reraise(exc, self.backend)
    ~~~~~~~^^^^^^^^^^^^^^^^^^^
  File "C:\Users\jchar\venv\Lib\site-packages\django\template\backends\django.py", line 130, in reraise
    raise new from exc
django.template.exceptions.TemplateDoesNotExist: zebricek_row_snippet.html
ERROR 2026-05-07 23:04:35,655 log Internal Server Error: /zebricek/
Traceback (most recent call last):
  File "C:\Users\jchar\venv\Lib\site-packages\django\template\backends\django.py", line 107, in render
    return self.template.render(context)
           ~~~~~~~~~~~~~~~~~~~~^^^^^^^^^
  File "C:\Users\jchar\venv\Lib\site-packages\django\template\base.py", line 171, in render
    return self._render(context)
           ~~~~~~~~~~~~^^^^^^^^^
  File "C:\Users\jchar\venv\Lib\site-packages\django\template\base.py", line 163, in _render
    return self.nodelist.render(context)
           ~~~~~~~~~~~~~~~~~~~~^^^^^^^^^
  File "C:\Users\jchar\venv\Lib\site-packages\django\template\base.py", line 1016, in render
    return SafeString("".join([node.render_annotated(context) for node in self]))
                               ~~~~~~~~~~~~~~~~~~~~~^^^^^^^^^
  File "C:\Users\jchar\venv\Lib\site-packages\django\template\base.py", line 977, in render_annotated
    return self.render(context)
           ~~~~~~~~~~~^^^^^^^^^
  File "C:\Users\jchar\venv\Lib\site-packages\django\template\loader_tags.py", line 159, in render
    return compiled_parent._render(context)
           ~~~~~~~~~~~~~~~~~~~~~~~^^^^^^^^^
  File "C:\Users\jchar\venv\Lib\site-packages\django\template\base.py", line 163, in _render
    return self.nodelist.render(context)
           ~~~~~~~~~~~~~~~~~~~~^^^^^^^^^
  File "C:\Users\jchar\venv\Lib\site-packages\django\template\base.py", line 1016, in render
    return SafeString("".join([node.render_annotated(context) for node in self]))
                               ~~~~~~~~~~~~~~~~~~~~~^^^^^^^^^
  File "C:\Users\jchar\venv\Lib\site-packages\django\template\base.py", line 977, in render_annotated
    return self.render(context)
           ~~~~~~~~~~~^^^^^^^^^
  File "C:\Users\jchar\venv\Lib\site-packages\django\template\loader_tags.py", line 65, in render
    result = block.nodelist.render(context)
  File "C:\Users\jchar\venv\Lib\site-packages\django\template\base.py", line 1016, in render
    return SafeString("".join([node.render_annotated(context) for node in self]))
                               ~~~~~~~~~~~~~~~~~~~~~^^^^^^^^^
  File "C:\Users\jchar\venv\Lib\site-packages\django\template\base.py", line 977, in render_annotated
    return self.render(context)
           ~~~~~~~~~~~^^^^^^^^^
  File "C:\Users\jchar\venv\Lib\site-packages\django\template\defaulttags.py", line 550, in render
    return self.nodelist.render(context)
           ~~~~~~~~~~~~~~~~~~~~^^^^^^^^^
  File "C:\Users\jchar\venv\Lib\site-packages\django\template\base.py", line 1016, in render
    return SafeString("".join([node.render_annotated(context) for node in self]))
                               ~~~~~~~~~~~~~~~~~~~~~^^^^^^^^^
  File "C:\Users\jchar\venv\Lib\site-packages\django\template\base.py", line 977, in render_annotated
    return self.render(context)
           ~~~~~~~~~~~^^^^^^^^^
  File "C:\Users\jchar\venv\Lib\site-packages\django\template\defaulttags.py", line 243, in render
    nodelist.append(node.render_annotated(context))
                    ~~~~~~~~~~~~~~~~~~~~~^^^^^^^^^
  File "C:\Users\jchar\venv\Lib\site-packages\django\template\base.py", line 977, in render_annotated
    return self.render(context)
           ~~~~~~~~~~~^^^^^^^^^
  File "C:\Users\jchar\venv\Lib\site-packages\django\template\defaulttags.py", line 327, in render
    return nodelist.render(context)
           ~~~~~~~~~~~~~~~^^^^^^^^^
  File "C:\Users\jchar\venv\Lib\site-packages\django\template\base.py", line 1016, in render
    return SafeString("".join([node.render_annotated(context) for node in self]))
                               ~~~~~~~~~~~~~~~~~~~~~^^^^^^^^^
  File "C:\Users\jchar\venv\Lib\site-packages\django\template\base.py", line 977, in render_annotated
    return self.render(context)
           ~~~~~~~~~~~^^^^^^^^^
  File "C:\Users\jchar\venv\Lib\site-packages\django\template\loader_tags.py", line 199, in render
    template = context.template.engine.select_template(template_name)
  File "C:\Users\jchar\venv\Lib\site-packages\django\template\engine.py", line 214, in select_template
    raise TemplateDoesNotExist(", ".join(not_found))
django.template.exceptions.TemplateDoesNotExist: zebricek_row_snippet.html

The above exception was the direct cause of the following exception:

Traceback (most recent call last):
  File "C:\Users\jchar\venv\Lib\site-packages\django\core\handlers\exception.py", line 55, in inner
    response = get_response(request)
  File "C:\Users\jchar\venv\Lib\site-packages\django\core\handlers\base.py", line 197, in _get_response
    response = wrapped_callback(request, *callback_args, **callback_kwargs)
  File "C:\Users\jchar\venv\Lib\site-packages\django\contrib\auth\decorators.py", line 59, in _view_wrapper
    return view_func(request, *args, **kwargs)
  File "C:\Users\jchar\djangoSport\zebricek_app\views.py", line 33, in zebricek_detail
    return render(request, 'zebricek_app/zebricek_list.html', {
        'zebricek': vsechny_pozice,
        'moje_data': moje_data,
        'mozni_souperi_ids': mozni_souperi_ids,
    })
  File "C:\Users\jchar\venv\Lib\site-packages\django\shortcuts.py", line 25, in render
    content = loader.render_to_string(template_name, context, request, using=using)
  File "C:\Users\jchar\venv\Lib\site-packages\django\template\loader.py", line 62, in render_to_string
    return template.render(context, request)
           ~~~~~~~~~~~~~~~^^^^^^^^^^^^^^^^^^
  File "C:\Users\jchar\venv\Lib\site-packages\django\template\backends\django.py", line 109, in render
    reraise(exc, self.backend)
    ~~~~~~~^^^^^^^^^^^^^^^^^^^
  File "C:\Users\jchar\venv\Lib\site-packages\django\template\backends\django.py", line 130, in reraise
    raise new from exc
django.template.exceptions.TemplateDoesNotExist: zebricek_row_snippet.html
INFO 2026-05-07 23:09:02,874 views Uživatel jiri-charousek si prohlíží soutěž: Léto 2026 - A
INFO 2026-05-07 23:14:33,055 autoreload Watching for file changes with StatReloader
INFO 2026-05-07 23:17:55,269 autoreload Watching for file changes with StatReloader
INFO 2026-05-07 23:18:20,977 views Uživatel jiri-charousek si prohlíží soutěž: Léto 2026 - A
INFO 2026-05-07 23:19:03,719 views Uživatel jiri-charousek si prohlíží soutěž: Léto 2026 - A
INFO 2026-05-07 23:39:28,223 autoreload Watching for file changes with StatReloader
INFO 2026-05-08 07:21:58,348 autoreload C:\Users\jchar\djangoSport\tenis_app\urls.py changed, reloading.
INFO 2026-05-08 07:21:59,749 autoreload Watching for file changes with StatReloader
INFO 2026-05-08 07:22:52,179 views Uživatel jchar si prohlíží soutěž: Léto 2026 - B
INFO 2026-05-08 07:22:53,764 views Uživatel jchar si prohlíží soutěž: Léto 2026 - A
